<?xml version="1.0" encoding="UTF-8"?>
<testsuites name="jest tests" tests="7" failures="0" time="1.533">
  <testsuite name="classes" errors="0" failures="0" skipped="0" timestamp="2019-11-20T12:58:13" time="0.927" tests="5">
    <testcase classname="classes 接收一个 classname" name="classes 接收一个 classname" time="0.003">
    </testcase>
    <testcase classname="classes 接收多个 classname" name="classes 接收多个 classname" time="0.001">
    </testcase>
    <testcase classname="classes 接收一个参数为 undefined" name="classes 接收一个参数为 undefined" time="0">
    </testcase>
    <testcase classname="classes 不传参数" name="classes 不传参数" time="0">
    </testcase>
    <testcase classname="scopedClassMaker 可以传入字符串或对象" name="scopedClassMaker 可以传入字符串或对象" time="0.001">
    </testcase>
  </testsuite>
  <testsuite name="icon" errors="0" failures="0" skipped="0" timestamp="2019-11-20T12:58:13" time="0.165" tests="2">
    <testcase classname="icon render successfully" name="icon render successfully" time="0.01">
    </testcase>
    <testcase classname="icon onClick" name="icon onClick" time="0.029">
    </testcase>
  </testsuite>
</testsuites>